<?xml version="1.0" encoding="UTF-8" ?>
<testsuite tests="1" failures="0" name="cn.edu.zzu.dao.MybatisTest" time="0.246" errors="1" skipped="0">
  <properties>
[...]
</properties>
  <testcase classname="cn.edu.zzu.dao.MybatisTest" name="testFindALl" time="0.246">
    <error type="java.lang.NullPointerException">java.lang.NullPointerException
	at cn.edu.zzu.dao.MybatisTest.destory(MybatisTest.java:43)
	at sun.reflect.NativeMethodAccessorImpl.invoke0(Native Method)
	at sun.reflect.NativeMethodAccessorImpl.invoke(NativeMethodAccessorImpl.java:62)
	at sun.reflect.DelegatingMethodAccessorImpl.invoke(DelegatingMethodAccessorImpl.java:43)
	at java.lang.reflect.Method.invoke(Method.java:498)
	at org.junit.runners.model.FrameworkMethod$1.runReflectiveCall(FrameworkMethod.java:47)
	at org.junit.internal.runners.model.ReflectiveCallable.run(ReflectiveCallable.java:12)
	at org.junit.runners.model.FrameworkMethod.invokeExplosively(FrameworkMethod.java:44)
	at org.junit.internal.runners.statements.RunBefores.evaluate(RunBefores.java:24)
	at org.junit.internal.runners.statements.RunAfters.evaluate(RunAfters.java:27)
	at org.junit.runners.ParentRunner.runLeaf(ParentRunner.java:271)
	at org.junit.runners.BlockJUnit4ClassRunner.runChild(BlockJUnit4ClassRunner.java:70)
	at org.junit.runners.BlockJUnit4ClassRunner.runChild(BlockJUnit4ClassRunner.java:50)
	at org.junit.runners.ParentRunner$3.run(ParentRunner.java:238)
	at org.junit.runners.ParentRunner$1.schedule(ParentRunner.java:63)
	at org.junit.runners.ParentRunner.runChildren(ParentRunner.java:236)
	at org.junit.runners.ParentRunner.access$000(ParentRunner.java:53)
	at org.junit.runners.ParentRunner$2.evaluate(ParentRunner.java:229)
	at org.junit.runners.ParentRunner.run(ParentRunner.java:309)
	at org.apache.maven.surefire.junit4.JUnit4Provider.execute(JUnit4Provider.java:252)
	at org.apache.maven.surefire.junit4.JUnit4Provider.executeTestSet(JUnit4Provider.java:141)
	at org.apache.maven.surefire.junit4.JUnit4Provider.invoke(JUnit4Provider.java:112)
	at sun.reflect.NativeMethodAccessorImpl.invoke0(Native Method)
	at sun.reflect.NativeMethodAccessorImpl.invoke(NativeMethodAccessorImpl.java:62)
	at sun.reflect.DelegatingMethodAccessorImpl.invoke(DelegatingMethodAccessorImpl.java:43)
	at java.lang.reflect.Method.invoke(Method.java:498)
	at org.apache.maven.surefire.util.ReflectionUtils.invokeMethodWithArray(ReflectionUtils.java:189)
	at org.apache.maven.surefire.booter.ProviderFactory$ProviderProxy.invoke(ProviderFactory.java:165)
	at org.apache.maven.surefire.booter.ProviderFactory.invokeProvider(ProviderFactory.java:85)
	at org.apache.maven.surefire.booter.ForkedBooter.runSuitesInProcess(ForkedBooter.java:115)
	at org.apache.maven.surefire.booter.ForkedBooter.main(ForkedBooter.java:75)
</error>
    <system-out>2021-04-18 20:22:27,427 0      [           main] DEBUG ache.ibatis.logging.LogFactory  - Logging initialized using &apos;class org.apache.ibatis.logging.log4j.Log4jImpl&apos; adapter.
2021-04-18 20:22:27,481 54     [           main] DEBUG       org.apache.ibatis.io.VFS  - Class not found: org.jboss.vfs.VFS
2021-04-18 20:22:27,481 54     [           main] DEBUG org.apache.ibatis.io.JBoss6VFS  - JBoss 6 VFS API is not available in this environment.
2021-04-18 20:22:27,482 55     [           main] DEBUG       org.apache.ibatis.io.VFS  - Class not found: org.jboss.vfs.VirtualFile
2021-04-18 20:22:27,482 55     [           main] DEBUG       org.apache.ibatis.io.VFS  - VFS implementation org.apache.ibatis.io.JBoss6VFS is not valid in this environment.
2021-04-18 20:22:27,482 55     [           main] DEBUG       org.apache.ibatis.io.VFS  - Using VFS adapter org.apache.ibatis.io.DefaultVFS
2021-04-18 20:22:27,483 56     [           main] DEBUG rg.apache.ibatis.io.DefaultVFS  - Find JAR URL: file:/D:/Java/idea/TestMaven8/target/classes/cn/edu/zzu/domain
2021-04-18 20:22:27,483 56     [           main] DEBUG rg.apache.ibatis.io.DefaultVFS  - Not a JAR: file:/D:/Java/idea/TestMaven8/target/classes/cn/edu/zzu/domain
2021-04-18 20:22:27,505 78     [           main] DEBUG rg.apache.ibatis.io.DefaultVFS  - Reader entry: Account.class
2021-04-18 20:22:27,506 79     [           main] DEBUG rg.apache.ibatis.io.DefaultVFS  - Reader entry: User.class
2021-04-18 20:22:27,506 79     [           main] DEBUG rg.apache.ibatis.io.DefaultVFS  - Listing file:/D:/Java/idea/TestMaven8/target/classes/cn/edu/zzu/domain
2021-04-18 20:22:27,506 79     [           main] DEBUG rg.apache.ibatis.io.DefaultVFS  - Find JAR URL: file:/D:/Java/idea/TestMaven8/target/classes/cn/edu/zzu/domain/Account.class
2021-04-18 20:22:27,506 79     [           main] DEBUG rg.apache.ibatis.io.DefaultVFS  - Not a JAR: file:/D:/Java/idea/TestMaven8/target/classes/cn/edu/zzu/domain/Account.class
2021-04-18 20:22:27,507 80     [           main] DEBUG rg.apache.ibatis.io.DefaultVFS  - Reader entry: ����&amp;#0;&amp;#0;&amp;#0;4&amp;#0;&lt;
2021-04-18 20:22:27,507 80     [           main] DEBUG rg.apache.ibatis.io.DefaultVFS  - Find JAR URL: file:/D:/Java/idea/TestMaven8/target/classes/cn/edu/zzu/domain/User.class
2021-04-18 20:22:27,507 80     [           main] DEBUG rg.apache.ibatis.io.DefaultVFS  - Not a JAR: file:/D:/Java/idea/TestMaven8/target/classes/cn/edu/zzu/domain/User.class
2021-04-18 20:22:27,508 81     [           main] DEBUG rg.apache.ibatis.io.DefaultVFS  - Reader entry: ����&amp;#0;&amp;#0;&amp;#0;4&amp;#0;L
2021-04-18 20:22:27,508 81     [           main] DEBUG .apache.ibatis.io.ResolverUtil  - Checking to see if class cn.edu.zzu.domain.Account matches criteria [is assignable to Object]
2021-04-18 20:22:27,509 82     [           main] DEBUG .apache.ibatis.io.ResolverUtil  - Checking to see if class cn.edu.zzu.domain.User matches criteria [is assignable to Object]
2021-04-18 20:22:27,530 103    [           main] DEBUG source.pooled.PooledDataSource  - PooledDataSource forcefully closed/removed all connections.
2021-04-18 20:22:27,530 103    [           main] DEBUG source.pooled.PooledDataSource  - PooledDataSource forcefully closed/removed all connections.
2021-04-18 20:22:27,531 104    [           main] DEBUG source.pooled.PooledDataSource  - PooledDataSource forcefully closed/removed all connections.
2021-04-18 20:22:27,531 104    [           main] DEBUG source.pooled.PooledDataSource  - PooledDataSource forcefully closed/removed all connections.
2021-04-18 20:22:27,532 105    [           main] DEBUG rg.apache.ibatis.io.DefaultVFS  - Find JAR URL: file:/D:/Java/idea/TestMaven8/target/test-classes/cn/edu/zzu/dao
2021-04-18 20:22:27,532 105    [           main] DEBUG rg.apache.ibatis.io.DefaultVFS  - Not a JAR: file:/D:/Java/idea/TestMaven8/target/test-classes/cn/edu/zzu/dao
2021-04-18 20:22:27,533 106    [           main] DEBUG rg.apache.ibatis.io.DefaultVFS  - Reader entry: MybatisTest.class
2021-04-18 20:22:27,533 106    [           main] DEBUG rg.apache.ibatis.io.DefaultVFS  - Listing file:/D:/Java/idea/TestMaven8/target/test-classes/cn/edu/zzu/dao
2021-04-18 20:22:27,533 106    [           main] DEBUG rg.apache.ibatis.io.DefaultVFS  - Find JAR URL: file:/D:/Java/idea/TestMaven8/target/test-classes/cn/edu/zzu/dao/MybatisTest.class
2021-04-18 20:22:27,533 106    [           main] DEBUG rg.apache.ibatis.io.DefaultVFS  - Not a JAR: file:/D:/Java/idea/TestMaven8/target/test-classes/cn/edu/zzu/dao/MybatisTest.class
2021-04-18 20:22:27,534 107    [           main] DEBUG rg.apache.ibatis.io.DefaultVFS  - Reader entry: ����&amp;#0;&amp;#0;&amp;#0;4&amp;#0;z
2021-04-18 20:22:27,534 107    [           main] DEBUG rg.apache.ibatis.io.DefaultVFS  - Find JAR URL: file:/D:/Java/idea/TestMaven8/target/classes/cn/edu/zzu/dao
2021-04-18 20:22:27,534 107    [           main] DEBUG rg.apache.ibatis.io.DefaultVFS  - Not a JAR: file:/D:/Java/idea/TestMaven8/target/classes/cn/edu/zzu/dao
2021-04-18 20:22:27,535 108    [           main] DEBUG rg.apache.ibatis.io.DefaultVFS  - Reader entry: IAccountDao.class
2021-04-18 20:22:27,535 108    [           main] DEBUG rg.apache.ibatis.io.DefaultVFS  - Reader entry: IAccountDao.xml
2021-04-18 20:22:27,535 108    [           main] DEBUG rg.apache.ibatis.io.DefaultVFS  - Reader entry: IUserDao.class
2021-04-18 20:22:27,536 109    [           main] DEBUG rg.apache.ibatis.io.DefaultVFS  - Reader entry: IUserDao.xml
2021-04-18 20:22:27,536 109    [           main] DEBUG rg.apache.ibatis.io.DefaultVFS  - Listing file:/D:/Java/idea/TestMaven8/target/classes/cn/edu/zzu/dao
2021-04-18 20:22:27,536 109    [           main] DEBUG rg.apache.ibatis.io.DefaultVFS  - Find JAR URL: file:/D:/Java/idea/TestMaven8/target/classes/cn/edu/zzu/dao/IAccountDao.class
2021-04-18 20:22:27,536 109    [           main] DEBUG rg.apache.ibatis.io.DefaultVFS  - Not a JAR: file:/D:/Java/idea/TestMaven8/target/classes/cn/edu/zzu/dao/IAccountDao.class
2021-04-18 20:22:27,536 109    [           main] DEBUG rg.apache.ibatis.io.DefaultVFS  - Reader entry: ����&amp;#0;&amp;#0;&amp;#0;4&amp;#0;&amp;#11;&amp;#7;&amp;#0;	&amp;#7;&amp;#0;
2021-04-18 20:22:27,537 110    [           main] DEBUG rg.apache.ibatis.io.DefaultVFS  - Find JAR URL: file:/D:/Java/idea/TestMaven8/target/classes/cn/edu/zzu/dao/IAccountDao.xml
2021-04-18 20:22:27,537 110    [           main] DEBUG rg.apache.ibatis.io.DefaultVFS  - Not a JAR: file:/D:/Java/idea/TestMaven8/target/classes/cn/edu/zzu/dao/IAccountDao.xml
2021-04-18 20:22:27,537 110    [           main] DEBUG rg.apache.ibatis.io.DefaultVFS  - Reader entry: &lt;?xml version=&quot;1.0&quot; encoding=&quot;UTF-8&quot;?&gt;
2021-04-18 20:22:27,537 110    [           main] DEBUG rg.apache.ibatis.io.DefaultVFS  - Find JAR URL: file:/D:/Java/idea/TestMaven8/target/classes/cn/edu/zzu/dao/IUserDao.class
2021-04-18 20:22:27,537 110    [           main] DEBUG rg.apache.ibatis.io.DefaultVFS  - Not a JAR: file:/D:/Java/idea/TestMaven8/target/classes/cn/edu/zzu/dao/IUserDao.class
2021-04-18 20:22:27,538 111    [           main] DEBUG rg.apache.ibatis.io.DefaultVFS  - Reader entry: ����&amp;#0;&amp;#0;&amp;#0;4&amp;#0;&amp;#11;&amp;#7;&amp;#0;	&amp;#7;&amp;#0;
2021-04-18 20:22:27,538 111    [           main] DEBUG rg.apache.ibatis.io.DefaultVFS  - Find JAR URL: file:/D:/Java/idea/TestMaven8/target/classes/cn/edu/zzu/dao/IUserDao.xml
2021-04-18 20:22:27,538 111    [           main] DEBUG rg.apache.ibatis.io.DefaultVFS  - Not a JAR: file:/D:/Java/idea/TestMaven8/target/classes/cn/edu/zzu/dao/IUserDao.xml
2021-04-18 20:22:27,539 112    [           main] DEBUG rg.apache.ibatis.io.DefaultVFS  - Reader entry: &lt;?xml version=&quot;1.0&quot; encoding=&quot;UTF-8&quot;?&gt;
2021-04-18 20:22:27,539 112    [           main] DEBUG .apache.ibatis.io.ResolverUtil  - Checking to see if class cn.edu.zzu.dao.MybatisTest matches criteria [is assignable to Object]
2021-04-18 20:22:27,539 112    [           main] DEBUG .apache.ibatis.io.ResolverUtil  - Checking to see if class cn.edu.zzu.dao.IAccountDao matches criteria [is assignable to Object]
2021-04-18 20:22:27,540 113    [           main] DEBUG .apache.ibatis.io.ResolverUtil  - Checking to see if class cn.edu.zzu.dao.IUserDao matches criteria [is assignable to Object]
</system-out>
  </testcase>
</testsuite>